Analysis & Synthesis report for topmodule
Mon Apr 15 06:02:28 2024
Quartus Prime Version 20.1.1 Build 720 11/11/2020 SJ Lite Edition


---------------------
; Table of Contents ;
---------------------
  1. Legal Notice
  2. Analysis & Synthesis Summary
  3. Analysis & Synthesis Settings
  4. Parallel Compilation
  5. Analysis & Synthesis Source Files Read
  6. Analysis & Synthesis Resource Usage Summary
  7. Analysis & Synthesis Resource Utilization by Entity
  8. General Register Statistics
  9. Port Connectivity Checks: "multiplier_unit:top_multiplier2"
 10. Port Connectivity Checks: "multiplier_unit:top_multiplier1"
 11. Port Connectivity Checks: "adder_unit:top_adder2"
 12. Port Connectivity Checks: "adder_unit:top_adder1"
 13. Port Connectivity Checks: "dispatch_unit:top_dispatch"
 14. Port Connectivity Checks: "memory_unit:top_memory_unit2"
 15. Port Connectivity Checks: "memory_unit:top_memory_unit1"
 16. Port Connectivity Checks: "instruction_decoder:decoder2"
 17. Port Connectivity Checks: "instruction_decoder:decoder1"
 18. Port Connectivity Checks: "instruction_queue:top_instruction_queue"
 19. Post-Synthesis Netlist Statistics for Top Partition
 20. Elapsed Time Per Partition
 21. Analysis & Synthesis Messages
 22. Analysis & Synthesis Suppressed Messages



----------------
; Legal Notice ;
----------------
Copyright (C) 2020  Intel Corporation. All rights reserved.
Your use of Intel Corporation's design tools, logic functions 
and other software and tools, and any partner logic 
functions, and any output files from any of the foregoing 
(including device programming or simulation files), and any 
associated documentation or information are expressly subject 
to the terms and conditions of the Intel Program License 
Subscription Agreement, the Intel Quartus Prime License Agreement,
the Intel FPGA IP License Agreement, or other applicable license
agreement, including, without limitation, that your use is for
the sole purpose of programming logic devices manufactured by
Intel and sold by Intel or its authorized distributors.  Please
refer to the applicable agreement for further details, at
https://fpgasoftware.intel.com/eula.



+-------------------------------------------------------------------------------+
; Analysis & Synthesis Summary                                                  ;
+---------------------------------+---------------------------------------------+
; Analysis & Synthesis Status     ; Successful - Mon Apr 15 06:02:28 2024       ;
; Quartus Prime Version           ; 20.1.1 Build 720 11/11/2020 SJ Lite Edition ;
; Revision Name                   ; topmodule                                   ;
; Top-level Entity Name           ; topmodule                                   ;
; Family                          ; Cyclone V                                   ;
; Logic utilization (in ALMs)     ; N/A                                         ;
; Total registers                 ; 0                                           ;
; Total pins                      ; 4                                           ;
; Total virtual pins              ; 0                                           ;
; Total block memory bits         ; 0                                           ;
; Total DSP Blocks                ; 0                                           ;
; Total HSSI RX PCSs              ; 0                                           ;
; Total HSSI PMA RX Deserializers ; 0                                           ;
; Total HSSI TX PCSs              ; 0                                           ;
; Total HSSI PMA TX Serializers   ; 0                                           ;
; Total PLLs                      ; 0                                           ;
; Total DLLs                      ; 0                                           ;
+---------------------------------+---------------------------------------------+


+---------------------------------------------------------------------------------------------------------------------------+
; Analysis & Synthesis Settings                                                                                             ;
+---------------------------------------------------------------------------------+--------------------+--------------------+
; Option                                                                          ; Setting            ; Default Value      ;
+---------------------------------------------------------------------------------+--------------------+--------------------+
; Device                                                                          ; 5CGXFC7C7F23C8     ;                    ;
; Top-level entity name                                                           ; topmodule          ; topmodule          ;
; Family name                                                                     ; Cyclone V          ; Cyclone V          ;
; Use smart compilation                                                           ; Off                ; Off                ;
; Enable parallel Assembler and Timing Analyzer during compilation                ; On                 ; On                 ;
; Enable compact report table                                                     ; Off                ; Off                ;
; Restructure Multiplexers                                                        ; Auto               ; Auto               ;
; MLAB Add Timing Constraints For Mixed-Port Feed-Through Mode Setting Don't Care ; Off                ; Off                ;
; Create Debugging Nodes for IP Cores                                             ; Off                ; Off                ;
; Preserve fewer node names                                                       ; On                 ; On                 ;
; Intel FPGA IP Evaluation Mode                                                   ; Enable             ; Enable             ;
; Verilog Version                                                                 ; Verilog_2001       ; Verilog_2001       ;
; VHDL Version                                                                    ; VHDL_1993          ; VHDL_1993          ;
; State Machine Processing                                                        ; Auto               ; Auto               ;
; Safe State Machine                                                              ; Off                ; Off                ;
; Extract Verilog State Machines                                                  ; On                 ; On                 ;
; Extract VHDL State Machines                                                     ; On                 ; On                 ;
; Ignore Verilog initial constructs                                               ; Off                ; Off                ;
; Iteration limit for constant Verilog loops                                      ; 5000               ; 5000               ;
; Iteration limit for non-constant Verilog loops                                  ; 250                ; 250                ;
; Add Pass-Through Logic to Inferred RAMs                                         ; On                 ; On                 ;
; Infer RAMs from Raw Logic                                                       ; On                 ; On                 ;
; Parallel Synthesis                                                              ; On                 ; On                 ;
; DSP Block Balancing                                                             ; Auto               ; Auto               ;
; NOT Gate Push-Back                                                              ; On                 ; On                 ;
; Power-Up Don't Care                                                             ; On                 ; On                 ;
; Remove Redundant Logic Cells                                                    ; Off                ; Off                ;
; Remove Duplicate Registers                                                      ; On                 ; On                 ;
; Ignore CARRY Buffers                                                            ; Off                ; Off                ;
; Ignore CASCADE Buffers                                                          ; Off                ; Off                ;
; Ignore GLOBAL Buffers                                                           ; Off                ; Off                ;
; Ignore ROW GLOBAL Buffers                                                       ; Off                ; Off                ;
; Ignore LCELL Buffers                                                            ; Off                ; Off                ;
; Ignore SOFT Buffers                                                             ; On                 ; On                 ;
; Limit AHDL Integers to 32 Bits                                                  ; Off                ; Off                ;
; Optimization Technique                                                          ; Balanced           ; Balanced           ;
; Carry Chain Length                                                              ; 70                 ; 70                 ;
; Auto Carry Chains                                                               ; On                 ; On                 ;
; Auto Open-Drain Pins                                                            ; On                 ; On                 ;
; Perform WYSIWYG Primitive Resynthesis                                           ; Off                ; Off                ;
; Auto ROM Replacement                                                            ; On                 ; On                 ;
; Auto RAM Replacement                                                            ; On                 ; On                 ;
; Auto DSP Block Replacement                                                      ; On                 ; On                 ;
; Auto Shift Register Replacement                                                 ; Auto               ; Auto               ;
; Allow Shift Register Merging across Hierarchies                                 ; Auto               ; Auto               ;
; Auto Clock Enable Replacement                                                   ; On                 ; On                 ;
; Strict RAM Replacement                                                          ; Off                ; Off                ;
; Allow Synchronous Control Signals                                               ; On                 ; On                 ;
; Force Use of Synchronous Clear Signals                                          ; Off                ; Off                ;
; Auto Resource Sharing                                                           ; Off                ; Off                ;
; Allow Any RAM Size For Recognition                                              ; Off                ; Off                ;
; Allow Any ROM Size For Recognition                                              ; Off                ; Off                ;
; Allow Any Shift Register Size For Recognition                                   ; Off                ; Off                ;
; Use LogicLock Constraints during Resource Balancing                             ; On                 ; On                 ;
; Ignore translate_off and synthesis_off directives                               ; Off                ; Off                ;
; Timing-Driven Synthesis                                                         ; On                 ; On                 ;
; Report Parameter Settings                                                       ; On                 ; On                 ;
; Report Source Assignments                                                       ; On                 ; On                 ;
; Report Connectivity Checks                                                      ; On                 ; On                 ;
; Ignore Maximum Fan-Out Assignments                                              ; Off                ; Off                ;
; Synchronization Register Chain Length                                           ; 3                  ; 3                  ;
; Power Optimization During Synthesis                                             ; Normal compilation ; Normal compilation ;
; HDL message level                                                               ; Level2             ; Level2             ;
; Suppress Register Optimization Related Messages                                 ; Off                ; Off                ;
; Number of Removed Registers Reported in Synthesis Report                        ; 5000               ; 5000               ;
; Number of Swept Nodes Reported in Synthesis Report                              ; 5000               ; 5000               ;
; Number of Inverted Registers Reported in Synthesis Report                       ; 100                ; 100                ;
; Clock MUX Protection                                                            ; On                 ; On                 ;
; Auto Gated Clock Conversion                                                     ; Off                ; Off                ;
; Block Design Naming                                                             ; Auto               ; Auto               ;
; SDC constraint protection                                                       ; Off                ; Off                ;
; Synthesis Effort                                                                ; Auto               ; Auto               ;
; Shift Register Replacement - Allow Asynchronous Clear Signal                    ; On                 ; On                 ;
; Pre-Mapping Resynthesis Optimization                                            ; Off                ; Off                ;
; Analysis & Synthesis Message Level                                              ; Medium             ; Medium             ;
; Disable Register Merging Across Hierarchies                                     ; Auto               ; Auto               ;
; Resource Aware Inference For Block RAM                                          ; On                 ; On                 ;
; Automatic Parallel Synthesis                                                    ; On                 ; On                 ;
; Partial Reconfiguration Bitstream ID                                            ; Off                ; Off                ;
+---------------------------------------------------------------------------------+--------------------+--------------------+


+------------------------------------------+
; Parallel Compilation                     ;
+----------------------------+-------------+
; Processors                 ; Number      ;
+----------------------------+-------------+
; Number detected on machine ; 8           ;
; Maximum allowed            ; 4           ;
;                            ;             ;
; Average used               ; 1.00        ;
; Maximum used               ; 1           ;
;                            ;             ;
; Usage by Processor         ; % Time Used ;
;     Processor 1            ; 100.0%      ;
+----------------------------+-------------+


+-----------------------------------------------------------------------------------------------------------------------------------------------------------------------------------------------------+
; Analysis & Synthesis Source Files Read                                                                                                                                                              ;
+-----------------------------------+-----------------+------------------------------+------------------------------------------------------------------------------------------------------+---------+
; File Name with User-Entered Path  ; Used in Netlist ; File Type                    ; File Name with Absolute Path                                                                         ; Library ;
+-----------------------------------+-----------------+------------------------------+------------------------------------------------------------------------------------------------------+---------+
; ../scripts/topmodule.sv           ; yes             ; User SystemVerilog HDL File  ; C:/Users/mdest/OneDrive/Documents/Advanced_Computer_Hardware/project2/scripts/topmodule.sv           ;         ;
; ../scripts/register_file.sv       ; yes             ; User SystemVerilog HDL File  ; C:/Users/mdest/OneDrive/Documents/Advanced_Computer_Hardware/project2/scripts/register_file.sv       ;         ;
; ../scripts/multiplier_unit.sv     ; yes             ; User SystemVerilog HDL File  ; C:/Users/mdest/OneDrive/Documents/Advanced_Computer_Hardware/project2/scripts/multiplier_unit.sv     ;         ;
; ../scripts/memory_unit.sv         ; yes             ; User SystemVerilog HDL File  ; C:/Users/mdest/OneDrive/Documents/Advanced_Computer_Hardware/project2/scripts/memory_unit.sv         ;         ;
; ../scripts/instruction_queue.sv   ; yes             ; User SystemVerilog HDL File  ; C:/Users/mdest/OneDrive/Documents/Advanced_Computer_Hardware/project2/scripts/instruction_queue.sv   ;         ;
; ../scripts/instruction_decoder.sv ; yes             ; User SystemVerilog HDL File  ; C:/Users/mdest/OneDrive/Documents/Advanced_Computer_Hardware/project2/scripts/instruction_decoder.sv ;         ;
; ../scripts/dispatch_unit.sv       ; yes             ; User SystemVerilog HDL File  ; C:/Users/mdest/OneDrive/Documents/Advanced_Computer_Hardware/project2/scripts/dispatch_unit.sv       ;         ;
; ../scripts/adder_unit.sv          ; yes             ; User SystemVerilog HDL File  ; C:/Users/mdest/OneDrive/Documents/Advanced_Computer_Hardware/project2/scripts/adder_unit.sv          ;         ;
+-----------------------------------+-----------------+------------------------------+------------------------------------------------------------------------------------------------------+---------+


+-----------------------------------------------------+
; Analysis & Synthesis Resource Usage Summary         ;
+---------------------------------------------+-------+
; Resource                                    ; Usage ;
+---------------------------------------------+-------+
; Estimate of Logic utilization (ALMs needed) ; 0     ;
;                                             ;       ;
; Combinational ALUT usage for logic          ; 0     ;
;     -- 7 input functions                    ; 0     ;
;     -- 6 input functions                    ; 0     ;
;     -- 5 input functions                    ; 0     ;
;     -- 4 input functions                    ; 0     ;
;     -- <=3 input functions                  ; 0     ;
;                                             ;       ;
; Dedicated logic registers                   ; 0     ;
;                                             ;       ;
; I/O pins                                    ; 4     ;
;                                             ;       ;
; Total DSP Blocks                            ; 0     ;
;                                             ;       ;
; Maximum fan-out node                        ; clk   ;
; Maximum fan-out                             ; 1     ;
; Total fan-out                               ; 4     ;
; Average fan-out                             ; 0.50  ;
+---------------------------------------------+-------+


+----------------------------------------------------------------------------------------------------------------------------------------------------------------------------------------+
; Analysis & Synthesis Resource Utilization by Entity                                                                                                                                    ;
+----------------------------+---------------------+---------------------------+-------------------+------------+------+--------------+---------------------+-------------+--------------+
; Compilation Hierarchy Node ; Combinational ALUTs ; Dedicated Logic Registers ; Block Memory Bits ; DSP Blocks ; Pins ; Virtual Pins ; Full Hierarchy Name ; Entity Name ; Library Name ;
+----------------------------+---------------------+---------------------------+-------------------+------------+------+--------------+---------------------+-------------+--------------+
; |topmodule                 ; 0 (0)               ; 0 (0)                     ; 0                 ; 0          ; 4    ; 0            ; |topmodule          ; topmodule   ; work         ;
+----------------------------+---------------------+---------------------------+-------------------+------------+------+--------------+---------------------+-------------+--------------+
Note: For table entries with two numbers listed, the numbers in parentheses indicate the number of resources of the given type used by the specific entity alone. The numbers listed outside of parentheses indicate the total resources of the given type used by the specific entity and all of its sub-entities in the hierarchy.


+------------------------------------------------------+
; General Register Statistics                          ;
+----------------------------------------------+-------+
; Statistic                                    ; Value ;
+----------------------------------------------+-------+
; Total registers                              ; 0     ;
; Number of registers using Synchronous Clear  ; 0     ;
; Number of registers using Synchronous Load   ; 0     ;
; Number of registers using Asynchronous Clear ; 0     ;
; Number of registers using Asynchronous Load  ; 0     ;
; Number of registers using Clock Enable       ; 0     ;
; Number of registers using Preset             ; 0     ;
+----------------------------------------------+-------+


+------------------------------------------------------------------------------------------------------------------------------+
; Port Connectivity Checks: "multiplier_unit:top_multiplier2"                                                                  ;
+--------------------+--------+----------+-------------------------------------------------------------------------------------+
; Port               ; Type   ; Severity ; Details                                                                             ;
+--------------------+--------+----------+-------------------------------------------------------------------------------------+
; multiplier_started ; Output ; Info     ; Connected to dangling logic. Logic that only feeds a dangling port will be removed. ;
+--------------------+--------+----------+-------------------------------------------------------------------------------------+


+------------------------------------------------------------------------------------------------------------------------------+
; Port Connectivity Checks: "multiplier_unit:top_multiplier1"                                                                  ;
+--------------------+--------+----------+-------------------------------------------------------------------------------------+
; Port               ; Type   ; Severity ; Details                                                                             ;
+--------------------+--------+----------+-------------------------------------------------------------------------------------+
; multiplier_started ; Output ; Info     ; Connected to dangling logic. Logic that only feeds a dangling port will be removed. ;
+--------------------+--------+----------+-------------------------------------------------------------------------------------+


+-------------------------------------------------------------------------------------------------------------------------+
; Port Connectivity Checks: "adder_unit:top_adder2"                                                                       ;
+---------------+--------+----------+-------------------------------------------------------------------------------------+
; Port          ; Type   ; Severity ; Details                                                                             ;
+---------------+--------+----------+-------------------------------------------------------------------------------------+
; adder_started ; Output ; Info     ; Connected to dangling logic. Logic that only feeds a dangling port will be removed. ;
+---------------+--------+----------+-------------------------------------------------------------------------------------+


+-------------------------------------------------------------------------------------------------------------------------+
; Port Connectivity Checks: "adder_unit:top_adder1"                                                                       ;
+---------------+--------+----------+-------------------------------------------------------------------------------------+
; Port          ; Type   ; Severity ; Details                                                                             ;
+---------------+--------+----------+-------------------------------------------------------------------------------------+
; adder_started ; Output ; Info     ; Connected to dangling logic. Logic that only feeds a dangling port will be removed. ;
+---------------+--------+----------+-------------------------------------------------------------------------------------+


+-------------------------------------------------------------------------------------------------------------------------------------+
; Port Connectivity Checks: "dispatch_unit:top_dispatch"                                                                              ;
+---------------------------+--------+----------+-------------------------------------------------------------------------------------+
; Port                      ; Type   ; Severity ; Details                                                                             ;
+---------------------------+--------+----------+-------------------------------------------------------------------------------------+
; operand_a                 ; Output ; Info     ; Connected to dangling logic. Logic that only feeds a dangling port will be removed. ;
; operand_b                 ; Output ; Info     ; Connected to dangling logic. Logic that only feeds a dangling port will be removed. ;
; no_operation_instruction1 ; Output ; Info     ; Connected to dangling logic. Logic that only feeds a dangling port will be removed. ;
; no_operation_instruction2 ; Output ; Info     ; Connected to dangling logic. Logic that only feeds a dangling port will be removed. ;
; notify_tb_of_data_hazard  ; Output ; Info     ; Connected to dangling logic. Logic that only feeds a dangling port will be removed. ;
+---------------------------+--------+----------+-------------------------------------------------------------------------------------+


+------------------------------------------------------------------------------------------------------------------------------------------+
; Port Connectivity Checks: "memory_unit:top_memory_unit2"                                                                                 ;
+--------------------------------+--------+----------+-------------------------------------------------------------------------------------+
; Port                           ; Type   ; Severity ; Details                                                                             ;
+--------------------------------+--------+----------+-------------------------------------------------------------------------------------+
; read_memory_operation_started  ; Output ; Info     ; Connected to dangling logic. Logic that only feeds a dangling port will be removed. ;
; write_memory_operation_started ; Output ; Info     ; Connected to dangling logic. Logic that only feeds a dangling port will be removed. ;
+--------------------------------+--------+----------+-------------------------------------------------------------------------------------+


+------------------------------------------------------------------------------------------------------------------------------------------+
; Port Connectivity Checks: "memory_unit:top_memory_unit1"                                                                                 ;
+--------------------------------+--------+----------+-------------------------------------------------------------------------------------+
; Port                           ; Type   ; Severity ; Details                                                                             ;
+--------------------------------+--------+----------+-------------------------------------------------------------------------------------+
; read_memory_operation_started  ; Output ; Info     ; Connected to dangling logic. Logic that only feeds a dangling port will be removed. ;
; write_memory_operation_started ; Output ; Info     ; Connected to dangling logic. Logic that only feeds a dangling port will be removed. ;
+--------------------------------+--------+----------+-------------------------------------------------------------------------------------+


+------------------------------------------------------------------------------------------------------------------------------------+
; Port Connectivity Checks: "instruction_decoder:decoder2"                                                                           ;
+--------------------------+--------+----------+-------------------------------------------------------------------------------------+
; Port                     ; Type   ; Severity ; Details                                                                             ;
+--------------------------+--------+----------+-------------------------------------------------------------------------------------+
; opcode                   ; Output ; Info     ; Connected to dangling logic. Logic that only feeds a dangling port will be removed. ;
; funct3                   ; Output ; Info     ; Connected to dangling logic. Logic that only feeds a dangling port will be removed. ;
; funct7                   ; Output ; Info     ; Connected to dangling logic. Logic that only feeds a dangling port will be removed. ;
; unrecognized_instruction ; Output ; Info     ; Connected to dangling logic. Logic that only feeds a dangling port will be removed. ;
+--------------------------+--------+----------+-------------------------------------------------------------------------------------+


+------------------------------------------------------------------------------------------------------------------------------------+
; Port Connectivity Checks: "instruction_decoder:decoder1"                                                                           ;
+--------------------------+--------+----------+-------------------------------------------------------------------------------------+
; Port                     ; Type   ; Severity ; Details                                                                             ;
+--------------------------+--------+----------+-------------------------------------------------------------------------------------+
; opcode                   ; Output ; Info     ; Connected to dangling logic. Logic that only feeds a dangling port will be removed. ;
; funct3                   ; Output ; Info     ; Connected to dangling logic. Logic that only feeds a dangling port will be removed. ;
; funct7                   ; Output ; Info     ; Connected to dangling logic. Logic that only feeds a dangling port will be removed. ;
; unrecognized_instruction ; Output ; Info     ; Connected to dangling logic. Logic that only feeds a dangling port will be removed. ;
+--------------------------+--------+----------+-------------------------------------------------------------------------------------+


+-----------------------------------------------------------------------------------------------------------------------+
; Port Connectivity Checks: "instruction_queue:top_instruction_queue"                                                   ;
+-------------+--------+----------+-------------------------------------------------------------------------------------+
; Port        ; Type   ; Severity ; Details                                                                             ;
+-------------+--------+----------+-------------------------------------------------------------------------------------+
; valid_out1  ; Output ; Info     ; Connected to dangling logic. Logic that only feeds a dangling port will be removed. ;
; valid_out2  ; Output ; Info     ; Connected to dangling logic. Logic that only feeds a dangling port will be removed. ;
; queue_empty ; Output ; Info     ; Connected to dangling logic. Logic that only feeds a dangling port will be removed. ;
+-------------+--------+----------+-------------------------------------------------------------------------------------+


+-----------------------------------------------------+
; Post-Synthesis Netlist Statistics for Top Partition ;
+-----------------------+-----------------------------+
; Type                  ; Count                       ;
+-----------------------+-----------------------------+
; arriav_lcell_comb     ; 1                           ;
;     normal            ; 1                           ;
;         0 data inputs ; 1                           ;
; boundary_port         ; 4                           ;
;                       ;                             ;
; Max LUT depth         ; 0.00                        ;
; Average LUT depth     ; 0.00                        ;
+-----------------------+-----------------------------+


+-------------------------------+
; Elapsed Time Per Partition    ;
+----------------+--------------+
; Partition Name ; Elapsed Time ;
+----------------+--------------+
; Top            ; 00:00:00     ;
+----------------+--------------+


+-------------------------------+
; Analysis & Synthesis Messages ;
+-------------------------------+
Info: *******************************************************************
Info: Running Quartus Prime Analysis & Synthesis
    Info: Version 20.1.1 Build 720 11/11/2020 SJ Lite Edition
    Info: Processing started: Mon Apr 15 06:02:19 2024
Info: Command: quartus_map --read_settings_files=on --write_settings_files=off Project2 -c topmodule
Warning (18236): Number of processors has not been specified which may cause overloading on shared machines.  Set the global assignment NUM_PARALLEL_PROCESSORS in your QSF to an appropriate value for best performance.
Info (20030): Parallel compilation is enabled and will use 4 of the 4 processors detected
Info (12021): Found 1 design units, including 1 entities, in source file /users/mdest/onedrive/documents/advanced_computer_hardware/project2/scripts/topmodule.sv
    Info (12023): Found entity 1: topmodule File: C:/Users/mdest/OneDrive/Documents/Advanced_Computer_Hardware/project2/scripts/topmodule.sv Line: 7
Info (12021): Found 1 design units, including 1 entities, in source file /users/mdest/onedrive/documents/advanced_computer_hardware/project2/scripts/testbench.sv
    Info (12023): Found entity 1: testbench File: C:/Users/mdest/OneDrive/Documents/Advanced_Computer_Hardware/project2/scripts/testbench.sv Line: 7
Info (12021): Found 1 design units, including 1 entities, in source file /users/mdest/onedrive/documents/advanced_computer_hardware/project2/scripts/register_file.sv
    Info (12023): Found entity 1: register_file File: C:/Users/mdest/OneDrive/Documents/Advanced_Computer_Hardware/project2/scripts/register_file.sv Line: 7
Info (12021): Found 1 design units, including 1 entities, in source file /users/mdest/onedrive/documents/advanced_computer_hardware/project2/scripts/multiplier_unit.sv
    Info (12023): Found entity 1: multiplier_unit File: C:/Users/mdest/OneDrive/Documents/Advanced_Computer_Hardware/project2/scripts/multiplier_unit.sv Line: 7
Info (12021): Found 1 design units, including 1 entities, in source file /users/mdest/onedrive/documents/advanced_computer_hardware/project2/scripts/memory_unit.sv
    Info (12023): Found entity 1: memory_unit File: C:/Users/mdest/OneDrive/Documents/Advanced_Computer_Hardware/project2/scripts/memory_unit.sv Line: 7
Info (12021): Found 1 design units, including 1 entities, in source file /users/mdest/onedrive/documents/advanced_computer_hardware/project2/scripts/instruction_queue.sv
    Info (12023): Found entity 1: instruction_queue File: C:/Users/mdest/OneDrive/Documents/Advanced_Computer_Hardware/project2/scripts/instruction_queue.sv Line: 7
Info (12021): Found 1 design units, including 1 entities, in source file /users/mdest/onedrive/documents/advanced_computer_hardware/project2/scripts/instruction_decoder.sv
    Info (12023): Found entity 1: instruction_decoder File: C:/Users/mdest/OneDrive/Documents/Advanced_Computer_Hardware/project2/scripts/instruction_decoder.sv Line: 7
Info (12021): Found 1 design units, including 1 entities, in source file /users/mdest/onedrive/documents/advanced_computer_hardware/project2/scripts/dispatch_unit.sv
    Info (12023): Found entity 1: dispatch_unit File: C:/Users/mdest/OneDrive/Documents/Advanced_Computer_Hardware/project2/scripts/dispatch_unit.sv Line: 7
Info (12021): Found 1 design units, including 1 entities, in source file /users/mdest/onedrive/documents/advanced_computer_hardware/project2/scripts/adder_unit.sv
    Info (12023): Found entity 1: adder_unit File: C:/Users/mdest/OneDrive/Documents/Advanced_Computer_Hardware/project2/scripts/adder_unit.sv Line: 7
Warning (10236): Verilog HDL Implicit Net warning at topmodule.sv(185): created implicit net for "reset_enable_flag1_1" File: C:/Users/mdest/OneDrive/Documents/Advanced_Computer_Hardware/project2/scripts/topmodule.sv Line: 185
Warning (10236): Verilog HDL Implicit Net warning at topmodule.sv(186): created implicit net for "reset_enable_flag2_1" File: C:/Users/mdest/OneDrive/Documents/Advanced_Computer_Hardware/project2/scripts/topmodule.sv Line: 186
Warning (10236): Verilog HDL Implicit Net warning at topmodule.sv(187): created implicit net for "reset_enable_flag3_1" File: C:/Users/mdest/OneDrive/Documents/Advanced_Computer_Hardware/project2/scripts/topmodule.sv Line: 187
Warning (10236): Verilog HDL Implicit Net warning at topmodule.sv(212): created implicit net for "reset_enable_flag1_2" File: C:/Users/mdest/OneDrive/Documents/Advanced_Computer_Hardware/project2/scripts/topmodule.sv Line: 212
Warning (10236): Verilog HDL Implicit Net warning at topmodule.sv(213): created implicit net for "reset_enable_flag2_2" File: C:/Users/mdest/OneDrive/Documents/Advanced_Computer_Hardware/project2/scripts/topmodule.sv Line: 213
Warning (10236): Verilog HDL Implicit Net warning at topmodule.sv(214): created implicit net for "reset_enable_flag3_2" File: C:/Users/mdest/OneDrive/Documents/Advanced_Computer_Hardware/project2/scripts/topmodule.sv Line: 214
Warning (10236): Verilog HDL Implicit Net warning at topmodule.sv(235): created implicit net for "reset_instruction_in_progress_memory_read1" File: C:/Users/mdest/OneDrive/Documents/Advanced_Computer_Hardware/project2/scripts/topmodule.sv Line: 235
Warning (10236): Verilog HDL Implicit Net warning at topmodule.sv(236): created implicit net for "reset_instruction_in_progress_memory_write1" File: C:/Users/mdest/OneDrive/Documents/Advanced_Computer_Hardware/project2/scripts/topmodule.sv Line: 236
Warning (10236): Verilog HDL Implicit Net warning at topmodule.sv(263): created implicit net for "reset_instruction_in_progress_memory_read2" File: C:/Users/mdest/OneDrive/Documents/Advanced_Computer_Hardware/project2/scripts/topmodule.sv Line: 263
Warning (10236): Verilog HDL Implicit Net warning at topmodule.sv(264): created implicit net for "reset_instruction_in_progress_memory_write2" File: C:/Users/mdest/OneDrive/Documents/Advanced_Computer_Hardware/project2/scripts/topmodule.sv Line: 264
Warning (10236): Verilog HDL Implicit Net warning at testbench.sv(183): created implicit net for "unrecognized_instruction1" File: C:/Users/mdest/OneDrive/Documents/Advanced_Computer_Hardware/project2/scripts/testbench.sv Line: 183
Warning (10236): Verilog HDL Implicit Net warning at testbench.sv(203): created implicit net for "unrecognized_instruction2" File: C:/Users/mdest/OneDrive/Documents/Advanced_Computer_Hardware/project2/scripts/testbench.sv Line: 203
Warning (10236): Verilog HDL Implicit Net warning at testbench.sv(222): created implicit net for "reset_enable_flag1_1" File: C:/Users/mdest/OneDrive/Documents/Advanced_Computer_Hardware/project2/scripts/testbench.sv Line: 222
Warning (10236): Verilog HDL Implicit Net warning at testbench.sv(223): created implicit net for "reset_enable_flag2_1" File: C:/Users/mdest/OneDrive/Documents/Advanced_Computer_Hardware/project2/scripts/testbench.sv Line: 223
Warning (10236): Verilog HDL Implicit Net warning at testbench.sv(224): created implicit net for "reset_enable_flag3_1" File: C:/Users/mdest/OneDrive/Documents/Advanced_Computer_Hardware/project2/scripts/testbench.sv Line: 224
Warning (10236): Verilog HDL Implicit Net warning at testbench.sv(249): created implicit net for "reset_enable_flag1_2" File: C:/Users/mdest/OneDrive/Documents/Advanced_Computer_Hardware/project2/scripts/testbench.sv Line: 249
Warning (10236): Verilog HDL Implicit Net warning at testbench.sv(250): created implicit net for "reset_enable_flag2_2" File: C:/Users/mdest/OneDrive/Documents/Advanced_Computer_Hardware/project2/scripts/testbench.sv Line: 250
Warning (10236): Verilog HDL Implicit Net warning at testbench.sv(251): created implicit net for "reset_enable_flag3_2" File: C:/Users/mdest/OneDrive/Documents/Advanced_Computer_Hardware/project2/scripts/testbench.sv Line: 251
Info (12127): Elaborating entity "topmodule" for the top level hierarchy
Info (12128): Elaborating entity "instruction_queue" for hierarchy "instruction_queue:top_instruction_queue" File: C:/Users/mdest/OneDrive/Documents/Advanced_Computer_Hardware/project2/scripts/topmodule.sv Line: 128
Warning (10230): Verilog HDL assignment warning at instruction_queue.sv(68): truncated value with size 32 to match size of target (19) File: C:/Users/mdest/OneDrive/Documents/Advanced_Computer_Hardware/project2/scripts/instruction_queue.sv Line: 68
Warning (10240): Verilog HDL Always Construct warning at instruction_queue.sv(51): inferring latch(es) for variable "read_pointer", which holds its previous value in one or more paths through the always construct File: C:/Users/mdest/OneDrive/Documents/Advanced_Computer_Hardware/project2/scripts/instruction_queue.sv Line: 51
Warning (10030): Net "instruction_memory.data_a" at instruction_queue.sv(20) has no driver or initial value, using a default initial value '0' File: C:/Users/mdest/OneDrive/Documents/Advanced_Computer_Hardware/project2/scripts/instruction_queue.sv Line: 20
Warning (10030): Net "instruction_memory.waddr_a" at instruction_queue.sv(20) has no driver or initial value, using a default initial value '0' File: C:/Users/mdest/OneDrive/Documents/Advanced_Computer_Hardware/project2/scripts/instruction_queue.sv Line: 20
Warning (10030): Net "instruction_memory.we_a" at instruction_queue.sv(20) has no driver or initial value, using a default initial value '0' File: C:/Users/mdest/OneDrive/Documents/Advanced_Computer_Hardware/project2/scripts/instruction_queue.sv Line: 20
Info (10041): Inferred latch for "read_pointer[0]" at instruction_queue.sv(51) File: C:/Users/mdest/OneDrive/Documents/Advanced_Computer_Hardware/project2/scripts/instruction_queue.sv Line: 51
Info (12128): Elaborating entity "instruction_decoder" for hierarchy "instruction_decoder:decoder1" File: C:/Users/mdest/OneDrive/Documents/Advanced_Computer_Hardware/project2/scripts/topmodule.sv Line: 147
Info (12128): Elaborating entity "register_file" for hierarchy "register_file:top_register_file1" File: C:/Users/mdest/OneDrive/Documents/Advanced_Computer_Hardware/project2/scripts/topmodule.sv Line: 194
Info (12128): Elaborating entity "memory_unit" for hierarchy "memory_unit:top_memory_unit1" File: C:/Users/mdest/OneDrive/Documents/Advanced_Computer_Hardware/project2/scripts/topmodule.sv Line: 249
Warning (10230): Verilog HDL assignment warning at memory_unit.sv(46): truncated value with size 3 to match size of target (2) File: C:/Users/mdest/OneDrive/Documents/Advanced_Computer_Hardware/project2/scripts/memory_unit.sv Line: 46
Warning (10230): Verilog HDL assignment warning at memory_unit.sv(80): truncated value with size 3 to match size of target (2) File: C:/Users/mdest/OneDrive/Documents/Advanced_Computer_Hardware/project2/scripts/memory_unit.sv Line: 80
Warning (10230): Verilog HDL assignment warning at memory_unit.sv(88): truncated value with size 3 to match size of target (2) File: C:/Users/mdest/OneDrive/Documents/Advanced_Computer_Hardware/project2/scripts/memory_unit.sv Line: 88
Warning (10230): Verilog HDL assignment warning at memory_unit.sv(93): truncated value with size 32 to match size of target (2) File: C:/Users/mdest/OneDrive/Documents/Advanced_Computer_Hardware/project2/scripts/memory_unit.sv Line: 93
Warning (10230): Verilog HDL assignment warning at memory_unit.sv(106): truncated value with size 32 to match size of target (2) File: C:/Users/mdest/OneDrive/Documents/Advanced_Computer_Hardware/project2/scripts/memory_unit.sv Line: 106
Info (12128): Elaborating entity "dispatch_unit" for hierarchy "dispatch_unit:top_dispatch" File: C:/Users/mdest/OneDrive/Documents/Advanced_Computer_Hardware/project2/scripts/topmodule.sv Line: 373
Info (12128): Elaborating entity "adder_unit" for hierarchy "adder_unit:top_adder1" File: C:/Users/mdest/OneDrive/Documents/Advanced_Computer_Hardware/project2/scripts/topmodule.sv Line: 394
Warning (10230): Verilog HDL assignment warning at adder_unit.sv(62): truncated value with size 32 to match size of target (3) File: C:/Users/mdest/OneDrive/Documents/Advanced_Computer_Hardware/project2/scripts/adder_unit.sv Line: 62
Info (12128): Elaborating entity "multiplier_unit" for hierarchy "multiplier_unit:top_multiplier1" File: C:/Users/mdest/OneDrive/Documents/Advanced_Computer_Hardware/project2/scripts/topmodule.sv Line: 436
Warning (10230): Verilog HDL assignment warning at multiplier_unit.sv(62): truncated value with size 32 to match size of target (3) File: C:/Users/mdest/OneDrive/Documents/Advanced_Computer_Hardware/project2/scripts/multiplier_unit.sv Line: 62
Warning (13024): Output pins are stuck at VCC or GND
    Warning (13410): Pin "data_hazard" is stuck at GND File: C:/Users/mdest/OneDrive/Documents/Advanced_Computer_Hardware/project2/scripts/topmodule.sv Line: 11
    Warning (13410): Pin "queue_advance" is stuck at GND File: C:/Users/mdest/OneDrive/Documents/Advanced_Computer_Hardware/project2/scripts/topmodule.sv Line: 13
Info (144001): Generated suppressed messages file C:/Users/mdest/OneDrive/Documents/Advanced_Computer_Hardware/project2/quartus_prime/output_files/topmodule.map.smsg
Info (16010): Generating hard_block partition "hard_block:auto_generated_inst"
    Info (16011): Adding 0 node(s), including 0 DDIO, 0 PLL, 0 transceiver and 0 LCELL
Warning (21074): Design contains 2 input pin(s) that do not drive logic
    Warning (15610): No output dependent on input pin "clk" File: C:/Users/mdest/OneDrive/Documents/Advanced_Computer_Hardware/project2/scripts/topmodule.sv Line: 8
    Warning (15610): No output dependent on input pin "reset" File: C:/Users/mdest/OneDrive/Documents/Advanced_Computer_Hardware/project2/scripts/topmodule.sv Line: 9
Info (21057): Implemented 4 device resources after synthesis - the final resource count might be different
    Info (21058): Implemented 2 input pins
    Info (21059): Implemented 2 output pins
Info: Quartus Prime Analysis & Synthesis was successful. 0 errors, 37 warnings
    Info: Peak virtual memory: 4936 megabytes
    Info: Processing ended: Mon Apr 15 06:02:28 2024
    Info: Elapsed time: 00:00:09
    Info: Total CPU time (on all processors): 00:00:07


+------------------------------------------+
; Analysis & Synthesis Suppressed Messages ;
+------------------------------------------+
The suppressed messages can be found in C:/Users/mdest/OneDrive/Documents/Advanced_Computer_Hardware/project2/quartus_prime/output_files/topmodule.map.smsg.


